library/build/outputs/logs/manifest-merger-debug-report.txt
-- Merging decision tree log ---
manifest
ADDED from Calenderevent\library\AndroidManifest.xml:1:1-3:12
INJECTED from Calenderevent\library\AndroidManifest.xml:1:1-3:12
INJECTED from Calenderevent\library\AndroidManifest.xml:1:1-3:12
	package
		ADDED from Calenderevent\library\AndroidManifest.xml:1:11-46
		INJECTED from Calenderevent\library\AndroidManifest.xml
		INJECTED from Calenderevent\library\AndroidManifest.xml